Using pre-set license
Built from '2020.3/staging' branch; Version is '2020.3.38f1 (8f5fde82e2dc) revision 9396190'; Using compiler version '192528614'; Build Type 'Release'
OS: 'Windows 10  (10.0.19044) 64bit Professional' Language: 'en' Physical Memory: 16300 MB
BatchMode: 1, IsHumanControllingUs: 0, StartBugReporterOnCrash: 0, Is64bit: 1, IsPro: 0

COMMAND LINE ARGUMENTS:
C:\Program Files\Unity\Hub\Editor\2020.3.38f1\Editor\Unity.exe
-adb2
-batchMode
-noUpm
-name
AssetImportWorker0
-projectPath
E:/Salman Hayat WorkSpace/Other projects/GPS navigator/GPS-Navigator-Unity
-logFile
Logs/AssetImportWorker0.log
-srvPort
59573
Successfully changed project path to: E:/Salman Hayat WorkSpace/Other projects/GPS navigator/GPS-Navigator-Unity
E:/Salman Hayat WorkSpace/Other projects/GPS navigator/GPS-Navigator-Unity
Using Asset Import Pipeline V2.
Refreshing native plugins compatible for Editor in 39.50 ms, found 0 plugins.
Preloading 0 native plugins for Editor in 0.00 ms.
Initialize engine version: 2020.3.38f1 (8f5fde82e2dc)
[Subsystems] Discovering subsystems at path C:/Program Files/Unity/Hub/Editor/2020.3.38f1/Editor/Data/Resources/UnitySubsystems
[Subsystems] Discovering subsystems at path E:/Salman Hayat WorkSpace/Other projects/GPS navigator/GPS-Navigator-Unity/Assets
GfxDevice: creating device client; threaded=0
Direct3D:
    Version:  Direct3D 11.0 [level 11.1]
    Renderer: NVIDIA GeForce GTX 960 (ID=0x1401)
    Vendor:   
    VRAM:     4053 MB
    Driver:   30.0.15.1215
Initialize mono
Mono path[0] = 'C:/Program Files/Unity/Hub/Editor/2020.3.38f1/Editor/Data/Managed'
Mono path[1] = 'C:/Program Files/Unity/Hub/Editor/2020.3.38f1/Editor/Data/MonoBleedingEdge/lib/mono/unityjit'
Mono config path = 'C:/Program Files/Unity/Hub/Editor/2020.3.38f1/Editor/Data/MonoBleedingEdge/etc'
Using monoOptions --debugger-agent=transport=dt_socket,embedding=1,server=y,suspend=n,address=127.0.0.1:56216
Begin MonoManager ReloadAssembly
Registering precompiled unity dll's ...
Register platform support module: C:/Program Files/Unity/Hub/Editor/2020.3.38f1/Editor/Data/PlaybackEngines/WindowsStandaloneSupport/UnityEditor.WindowsStandalone.Extensions.dll
Registered in 0.218552 seconds.
Native extension for WindowsStandalone target not found
Refreshing native plugins compatible for Editor in 21.41 ms, found 0 plugins.
Preloading 0 native plugins for Editor in 0.00 ms.
Mono: successfully reloaded assembly
- Completed reload, in  5.393 seconds
Domain Reload Profiling:
	ReloadAssembly (5393ms)
		BeginReloadAssembly (3740ms)
			ExecutionOrderSort (0ms)
			DisableScriptedObjects (0ms)
			BackupInstance (0ms)
			ReleaseScriptingObjects (0ms)
			CreateAndSetChildDomain (1ms)
		EndReloadAssembly (1188ms)
			LoadAssemblies (3736ms)
			RebuildTransferFunctionScriptingTraits (0ms)
			SetupTypeCache (646ms)
			ReleaseScriptCaches (0ms)
			RebuildScriptCaches (34ms)
			SetupLoadedEditorAssemblies (376ms)
				LogAssemblyErrors (0ms)
				InitializePlatformSupportModulesInManaged (5ms)
				SetLoadedEditorAssemblies (0ms)
				RefreshPlugins (22ms)
				BeforeProcessingInitializeOnLoad (197ms)
				ProcessInitializeOnLoadAttributes (101ms)
				ProcessInitializeOnLoadMethodAttributes (51ms)
				AfterProcessingInitializeOnLoad (0ms)
				EditorAssembliesLoaded (0ms)
			ExecutionOrderSort2 (0ms)
			AwakeInstancesAfterBackupRestoration (0ms)
Platform modules already initialized, skipping
Registering precompiled user dll's ...
Registered in 0.000572 seconds.
Begin MonoManager ReloadAssembly
Native extension for WindowsStandalone target not found
Refreshing native plugins compatible for Editor in 0.27 ms, found 0 plugins.
Preloading 0 native plugins for Editor in 0.00 ms.
Mono: successfully reloaded assembly
- Completed reload, in  1.977 seconds
Domain Reload Profiling:
	ReloadAssembly (1982ms)
		BeginReloadAssembly (188ms)
			ExecutionOrderSort (0ms)
			DisableScriptedObjects (8ms)
			BackupInstance (0ms)
			ReleaseScriptingObjects (0ms)
			CreateAndSetChildDomain (23ms)
		EndReloadAssembly (1715ms)
			LoadAssemblies (969ms)
			RebuildTransferFunctionScriptingTraits (0ms)
			SetupTypeCache (348ms)
			ReleaseScriptCaches (0ms)
			RebuildScriptCaches (43ms)
			SetupLoadedEditorAssemblies (255ms)
				LogAssemblyErrors (0ms)
				InitializePlatformSupportModulesInManaged (5ms)
				SetLoadedEditorAssemblies (1ms)
				RefreshPlugins (0ms)
				BeforeProcessingInitializeOnLoad (93ms)
				ProcessInitializeOnLoadAttributes (138ms)
				ProcessInitializeOnLoadMethodAttributes (11ms)
				AfterProcessingInitializeOnLoad (7ms)
				EditorAssembliesLoaded (0ms)
			ExecutionOrderSort2 (0ms)
			AwakeInstancesAfterBackupRestoration (2ms)
Platform modules already initialized, skipping
========================================================================
Worker process is ready to serve import requests
Launched and connected shader compiler UnityShaderCompiler.exe after 0.05 seconds
Refreshing native plugins compatible for Editor in 0.25 ms, found 0 plugins.
Preloading 0 native plugins for Editor in 0.00 ms.
Unloading 859 Unused Serialized files (Serialized files now loaded: 0)
System memory in use before: 49.3 MB.
System memory in use after: 49.3 MB.

Unloading 8 unused Assets to reduce memory usage. Loaded Objects now: 1303.
Total: 2.367500 ms (FindLiveObjects: 0.091200 ms CreateObjectMapping: 0.027400 ms MarkObjects: 2.160900 ms  DeleteObjects: 0.087000 ms)

AssetImportParameters requested are different than current active one (requested -> active):
  custom:framework-win-MediaFoundation: 216162199b28c13a410421893ffa2e32 -> 
  custom:video-decoder-ogg-theora: a1e56fd34408186e4bbccfd4996cb3dc -> 
  custom:container-muxer-webm: aa71ff27fc2769a1b78a27578f13a17b -> 
  custom:container-demuxer-webm: 4f35f7cbe854078d1ac9338744f61a02 -> 
  custom:container-demuxer-ogg: 62fdf1f143b41e24485cea50d1cbac27 -> 
  custom:video-encoder-webm-vp8: eb34c28f22e8b96e1ab97ce403110664 -> 
  custom:video-decoder-webm-vp8: 9c59270c3fd7afecdb556c50c9e8de78 -> 
  custom:audio-decoder-ogg-vorbis: bf7c407c2cedff20999df2af8eb42d56 -> 
  custom:audio-encoder-webm-vorbis: bf7c407c2cedff20999df2af8eb42d56 -> 
========================================================================
Received Import Request.
  path: Assets/Gps Navigator/Sample/SampleScene/NavMesh.asset
  artifactKey: Guid(c80a69cafd6a4834494c76fea8f1686a) Importer(815301076,1909f56bfc062723c751e8b465ee728b)
Start importing Assets/Gps Navigator/Sample/SampleScene/NavMesh.asset using Guid(c80a69cafd6a4834494c76fea8f1686a) Importer(815301076,1909f56bfc062723c751e8b465ee728b)  -> (artifact id: '6c315effefe7bab9ec5094c2ad156c93') in 0.042567 seconds 
========================================================================
Received Import Request.
  Time since last request: 0.547894 seconds.
  path: Assets/Gps Navigator/Scenes/gps.unity
  artifactKey: Guid(9fc0d4010bbf28b4594072e72b8655ab) Importer(815301076,1909f56bfc062723c751e8b465ee728b)
Start importing Assets/Gps Navigator/Scenes/gps.unity using Guid(9fc0d4010bbf28b4594072e72b8655ab) Importer(815301076,1909f56bfc062723c751e8b465ee728b)  -> (artifact id: '98372b52be67c5093e7982caa95bbd93') in 0.008811 seconds 
========================================================================
Received Import Request.
  Time since last request: 9.869280 seconds.
  path: Assets/Gps Navigator/Demo Assets/Scalable Grid Prototype Materials/Textures/1x1_checkerboard.png
  artifactKey: Guid(bce43503518074f40aaca9d808ac14a3) Importer(815301076,1909f56bfc062723c751e8b465ee728b)
Start importing Assets/Gps Navigator/Demo Assets/Scalable Grid Prototype Materials/Textures/1x1_checkerboard.png using Guid(bce43503518074f40aaca9d808ac14a3) Importer(815301076,1909f56bfc062723c751e8b465ee728b)  -> (artifact id: '8c6e97594b409c369a67af229400254e') in 0.069566 seconds 
========================================================================
Received Import Request.
  Time since last request: 33.215866 seconds.
  path: Assets/Gps Navigator/Demo Assets/Scalable Grid Prototype Materials
  artifactKey: Guid(95add9d5a1740fa46aa0a210d94e7e02) Importer(815301076,1909f56bfc062723c751e8b465ee728b)
Start importing Assets/Gps Navigator/Demo Assets/Scalable Grid Prototype Materials using Guid(95add9d5a1740fa46aa0a210d94e7e02) Importer(815301076,1909f56bfc062723c751e8b465ee728b)  -> (artifact id: '1f2fdc209f21988a55dc49d8634e0852') in 0.008370 seconds 
========================================================================
Received Import Request.
  Time since last request: 0.334960 seconds.
  path: Assets/Gps Navigator/Demo Assets
  artifactKey: Guid(c623e513eb0285646b82db3483e8923e) Importer(815301076,1909f56bfc062723c751e8b465ee728b)
Start importing Assets/Gps Navigator/Demo Assets using Guid(c623e513eb0285646b82db3483e8923e) Importer(815301076,1909f56bfc062723c751e8b465ee728b)  -> (artifact id: '7e02e860fa60075577fb23a1a9274415') in 0.009336 seconds 
========================================================================
Received Import Request.
  Time since last request: 3.797178 seconds.
  path: Assets/Gps Navigator/Demo Assets/Downtown Game Studio
  artifactKey: Guid(a99ba061ee415cd4287cb0c2d1f0f585) Importer(815301076,1909f56bfc062723c751e8b465ee728b)
Start importing Assets/Gps Navigator/Demo Assets/Downtown Game Studio using Guid(a99ba061ee415cd4287cb0c2d1f0f585) Importer(815301076,1909f56bfc062723c751e8b465ee728b)  -> (artifact id: '47818f73eb8fd160a307cd06a0b829f6') in 0.012411 seconds 
========================================================================
Received Import Request.
  Time since last request: 139.091089 seconds.
  path: Assets/Thirdparty/Ciathyza
  artifactKey: Guid(70b9c941ef1124745803eba857c82954) Importer(815301076,1909f56bfc062723c751e8b465ee728b)
Start importing Assets/Thirdparty/Ciathyza using Guid(70b9c941ef1124745803eba857c82954) Importer(815301076,1909f56bfc062723c751e8b465ee728b)  -> (artifact id: '1f16410d36d7425e0011c93e56ccad7b') in 0.008460 seconds 
========================================================================
Received Import Request.
  Time since last request: 4.499365 seconds.
  path: Assets/Thirdparty/Ciathyza/Gridbox Prototype Materials/Demo/Prototype Materials Demo.unity
  artifactKey: Guid(735c40e4d7967d7458e6a4db48651d2a) Importer(815301076,1909f56bfc062723c751e8b465ee728b)
Start importing Assets/Thirdparty/Ciathyza/Gridbox Prototype Materials/Demo/Prototype Materials Demo.unity using Guid(735c40e4d7967d7458e6a4db48651d2a) Importer(815301076,1909f56bfc062723c751e8b465ee728b)  -> (artifact id: '482efce20967ccfad46332ea8b8d8341') in 0.009810 seconds 
========================================================================
Received Import Request.
  Time since last request: 10.543829 seconds.
  path: Assets/Thirdparty/Ciathyza/Gridbox Prototype Materials/Materials/HDRP
  artifactKey: Guid(b57a409b80fff1b4bbfdcdafcc3e4e17) Importer(815301076,1909f56bfc062723c751e8b465ee728b)
Start importing Assets/Thirdparty/Ciathyza/Gridbox Prototype Materials/Materials/HDRP using Guid(b57a409b80fff1b4bbfdcdafcc3e4e17) Importer(815301076,1909f56bfc062723c751e8b465ee728b)  -> (artifact id: '131cbab0f3b922871334d552736c4c8a') in 0.008883 seconds 
========================================================================
Received Import Request.
  Time since last request: 1.067034 seconds.
  path: Assets/Thirdparty/Ciathyza/Gridbox Prototype Materials/Materials/Standard
  artifactKey: Guid(5b101da68e9261049841c73c48f7a8d9) Importer(815301076,1909f56bfc062723c751e8b465ee728b)
Start importing Assets/Thirdparty/Ciathyza/Gridbox Prototype Materials/Materials/Standard using Guid(5b101da68e9261049841c73c48f7a8d9) Importer(815301076,1909f56bfc062723c751e8b465ee728b)  -> (artifact id: '41c79e3c2fae3e44a22e91d1ede4d049') in 0.008875 seconds 
========================================================================
Received Import Request.
  Time since last request: 97.179432 seconds.
  path: Assets/Thirdparty/Ciathyza/Gridbox Prototype Materials/Textures/prototype_512x512_blue1.png
  artifactKey: Guid(44cced520ecfd9f4292979a4fe8268c4) Importer(815301076,1909f56bfc062723c751e8b465ee728b)
Start importing Assets/Thirdparty/Ciathyza/Gridbox Prototype Materials/Textures/prototype_512x512_blue1.png using Guid(44cced520ecfd9f4292979a4fe8268c4) Importer(815301076,1909f56bfc062723c751e8b465ee728b)  -> (artifact id: '80d18e553e454cd0b88daf38e367d085') in 0.021338 seconds 
========================================================================
Received Import Request.
  Time since last request: 59.077388 seconds.
  path: Assets/Thirdparty/Ciathyza/Gridbox Prototype Materials/Textures/prototype_512x512_blue1.png
  artifactKey: Guid(44cced520ecfd9f4292979a4fe8268c4) Importer(815301076,1909f56bfc062723c751e8b465ee728b)
Start importing Assets/Thirdparty/Ciathyza/Gridbox Prototype Materials/Textures/prototype_512x512_blue1.png using Guid(44cced520ecfd9f4292979a4fe8268c4) Importer(815301076,1909f56bfc062723c751e8b465ee728b)  -> (artifact id: 'cea25631063dbfcc9c511d93636943ba') in 0.010965 seconds 
========================================================================
Received Import Request.
  Time since last request: 186.720107 seconds.
  path: Assets/Thirdparty/Ciathyza/Gridbox Prototype Materials/Materials/HDRP/Prototype_512x512_Green2.mat
  artifactKey: Guid(35e2a03bbcc6739409a02bb46883d128) Importer(815301076,1909f56bfc062723c751e8b465ee728b)
Start importing Assets/Thirdparty/Ciathyza/Gridbox Prototype Materials/Materials/HDRP/Prototype_512x512_Green2.mat using Guid(35e2a03bbcc6739409a02bb46883d128) Importer(815301076,1909f56bfc062723c751e8b465ee728b)  -> (artifact id: '0e0f80a3e3cd6c82373845b441ee049d') in 0.099947 seconds 
========================================================================
Received Import Request.
  Time since last request: 0.000273 seconds.
  path: Assets/Thirdparty/Ciathyza/Gridbox Prototype Materials/Materials/URP/Prototype_512x512_Grey4.mat
  artifactKey: Guid(4084a843b9ef6af45a63b7163f9fbefb) Importer(815301076,1909f56bfc062723c751e8b465ee728b)
Start importing Assets/Thirdparty/Ciathyza/Gridbox Prototype Materials/Materials/URP/Prototype_512x512_Grey4.mat using Guid(4084a843b9ef6af45a63b7163f9fbefb) Importer(815301076,1909f56bfc062723c751e8b465ee728b)  -> (artifact id: '26c56fc1d4aad1fefad4ffae4c1d1a2f') in 0.013922 seconds 
========================================================================
Received Import Request.
  Time since last request: 0.000311 seconds.
  path: Assets/Thirdparty/Ciathyza/Gridbox Prototype Materials/Materials/HDRP/Prototype_512x512_Grey3.mat
  artifactKey: Guid(a66e312fee7fb6e469dec2f4daba4dcd) Importer(815301076,1909f56bfc062723c751e8b465ee728b)
Start importing Assets/Thirdparty/Ciathyza/Gridbox Prototype Materials/Materials/HDRP/Prototype_512x512_Grey3.mat using Guid(a66e312fee7fb6e469dec2f4daba4dcd) Importer(815301076,1909f56bfc062723c751e8b465ee728b)  -> (artifact id: 'a71cf1415f659bb890fe632a3e4a521c') in 0.015916 seconds 
========================================================================
Received Import Request.
  Time since last request: 0.000262 seconds.
  path: Assets/Thirdparty/Ciathyza/Gridbox Prototype Materials/Materials/Standard/Prototype_512x512_Olive.mat
  artifactKey: Guid(f794c8451763f354c84ed1f9b0ea15a5) Importer(815301076,1909f56bfc062723c751e8b465ee728b)
Start importing Assets/Thirdparty/Ciathyza/Gridbox Prototype Materials/Materials/Standard/Prototype_512x512_Olive.mat using Guid(f794c8451763f354c84ed1f9b0ea15a5) Importer(815301076,1909f56bfc062723c751e8b465ee728b)  -> (artifact id: 'ef418c691ea327c937dccf1c5e31eeee') in 0.037564 seconds 
========================================================================
Received Import Request.
  Time since last request: 0.000335 seconds.
  path: Assets/Thirdparty/Ciathyza/Gridbox Prototype Materials/Materials/HDRP/Prototype_512x512_Magenta.mat
  artifactKey: Guid(4f8daeaadc7b77c42b2004245caa7f63) Importer(815301076,1909f56bfc062723c751e8b465ee728b)
Start importing Assets/Thirdparty/Ciathyza/Gridbox Prototype Materials/Materials/HDRP/Prototype_512x512_Magenta.mat using Guid(4f8daeaadc7b77c42b2004245caa7f63) Importer(815301076,1909f56bfc062723c751e8b465ee728b)  -> (artifact id: '6af08954907c205d3e556b9cc7e9a083') in 0.016390 seconds 
========================================================================
Received Import Request.
  Time since last request: 0.000279 seconds.
  path: Assets/Thirdparty/Ciathyza/Gridbox Prototype Materials/Materials/HDRP/Prototype_512x512_Grey2.mat
  artifactKey: Guid(572218b186e96c648853f56156b07925) Importer(815301076,1909f56bfc062723c751e8b465ee728b)
Start importing Assets/Thirdparty/Ciathyza/Gridbox Prototype Materials/Materials/HDRP/Prototype_512x512_Grey2.mat using Guid(572218b186e96c648853f56156b07925) Importer(815301076,1909f56bfc062723c751e8b465ee728b)  -> (artifact id: 'e9c795dd2229485676c7519aedbf8f36') in 0.013799 seconds 
========================================================================
Received Import Request.
  Time since last request: 0.000247 seconds.
  path: Assets/Thirdparty/Ciathyza/Gridbox Prototype Materials/Materials/URP/Prototype_512x512_Grey1.mat
  artifactKey: Guid(dfc08c90188302847afb04f628582097) Importer(815301076,1909f56bfc062723c751e8b465ee728b)
Start importing Assets/Thirdparty/Ciathyza/Gridbox Prototype Materials/Materials/URP/Prototype_512x512_Grey1.mat using Guid(dfc08c90188302847afb04f628582097) Importer(815301076,1909f56bfc062723c751e8b465ee728b)  -> (artifact id: '8a8a9f969cd293161076fdfa62b6cc6b') in 0.013463 seconds 
========================================================================
Received Import Request.
  Time since last request: 0.000246 seconds.
  path: Assets/Thirdparty/Ciathyza/Gridbox Prototype Materials/Materials/URP/Prototype_512x512_Olive.mat
  artifactKey: Guid(8521b32b7fcd7ae41acc48012ada9ec0) Importer(815301076,1909f56bfc062723c751e8b465ee728b)
Start importing Assets/Thirdparty/Ciathyza/Gridbox Prototype Materials/Materials/URP/Prototype_512x512_Olive.mat using Guid(8521b32b7fcd7ae41acc48012ada9ec0) Importer(815301076,1909f56bfc062723c751e8b465ee728b)  -> (artifact id: '68c52aa3b39802aa6242353b2708abfc') in 0.010291 seconds 
========================================================================
Received Import Request.
  Time since last request: 0.000261 seconds.
  path: Assets/Thirdparty/Ciathyza/Gridbox Prototype Materials/Materials/URP/Prototype_512x512_Pink.mat
  artifactKey: Guid(5e88a93148f69984e968ecc92408960f) Importer(815301076,1909f56bfc062723c751e8b465ee728b)
Start importing Assets/Thirdparty/Ciathyza/Gridbox Prototype Materials/Materials/URP/Prototype_512x512_Pink.mat using Guid(5e88a93148f69984e968ecc92408960f) Importer(815301076,1909f56bfc062723c751e8b465ee728b)  -> (artifact id: '598bf9e224dbb52b705e2f5ca9d22187') in 0.015851 seconds 
========================================================================
Received Import Request.
  Time since last request: 0.000234 seconds.
  path: Assets/Thirdparty/Ciathyza/Gridbox Prototype Materials/Materials/HDRP/Prototype_512x512_Pink.mat
  artifactKey: Guid(9cbe122d0bf53f14ba269e044bc3f03b) Importer(815301076,1909f56bfc062723c751e8b465ee728b)
Start importing Assets/Thirdparty/Ciathyza/Gridbox Prototype Materials/Materials/HDRP/Prototype_512x512_Pink.mat using Guid(9cbe122d0bf53f14ba269e044bc3f03b) Importer(815301076,1909f56bfc062723c751e8b465ee728b)  -> (artifact id: 'eae2f6a807112e2cd5fcdab52b74a1a7') in 0.008393 seconds 
========================================================================
Received Import Request.
  Time since last request: 0.000236 seconds.
  path: Assets/Thirdparty/Ciathyza/Gridbox Prototype Materials/Materials/URP/Prototype_512x512_Magenta.mat
  artifactKey: Guid(9618c6b42230db7408b3b734da21470a) Importer(815301076,1909f56bfc062723c751e8b465ee728b)
Start importing Assets/Thirdparty/Ciathyza/Gridbox Prototype Materials/Materials/URP/Prototype_512x512_Magenta.mat using Guid(9618c6b42230db7408b3b734da21470a) Importer(815301076,1909f56bfc062723c751e8b465ee728b)  -> (artifact id: '2737afcbbc26daf72facb68b596a31bb') in 0.008179 seconds 
========================================================================
Received Import Request.
  Time since last request: 0.000192 seconds.
  path: Assets/Thirdparty/Ciathyza/Gridbox Prototype Materials/Materials/HDRP/Prototype_512x512_Grey1.mat
  artifactKey: Guid(64859cf955a5fb047880af754183e463) Importer(815301076,1909f56bfc062723c751e8b465ee728b)
Start importing Assets/Thirdparty/Ciathyza/Gridbox Prototype Materials/Materials/HDRP/Prototype_512x512_Grey1.mat using Guid(64859cf955a5fb047880af754183e463) Importer(815301076,1909f56bfc062723c751e8b465ee728b)  -> (artifact id: '1253dc127f85ea413b264ab19225d3fc') in 0.009246 seconds 
========================================================================
Received Import Request.
  Time since last request: 0.000264 seconds.
  path: Assets/Thirdparty/Ciathyza/Gridbox Prototype Materials/Materials/HDRP/Prototype_512x512_Purple.mat
  artifactKey: Guid(08ad40672f8bdd84c8231727ae06ba48) Importer(815301076,1909f56bfc062723c751e8b465ee728b)
Start importing Assets/Thirdparty/Ciathyza/Gridbox Prototype Materials/Materials/HDRP/Prototype_512x512_Purple.mat using Guid(08ad40672f8bdd84c8231727ae06ba48) Importer(815301076,1909f56bfc062723c751e8b465ee728b)  -> (artifact id: 'a5b999e1918130f20a39136b669af08f') in 0.016505 seconds 
========================================================================
Received Import Request.
  Time since last request: 0.000259 seconds.
  path: Assets/Thirdparty/Ciathyza/Gridbox Prototype Materials/Materials/HDRP/Prototype_512x512_Olive.mat
  artifactKey: Guid(a3b40d06620734d4fa8f4423d0f09692) Importer(815301076,1909f56bfc062723c751e8b465ee728b)
Start importing Assets/Thirdparty/Ciathyza/Gridbox Prototype Materials/Materials/HDRP/Prototype_512x512_Olive.mat using Guid(a3b40d06620734d4fa8f4423d0f09692) Importer(815301076,1909f56bfc062723c751e8b465ee728b)  -> (artifact id: '63fad71569b86c67649157ee11df9437') in 0.008284 seconds 
========================================================================
Received Import Request.
  Time since last request: 0.000190 seconds.
  path: Assets/Thirdparty/Ciathyza/Gridbox Prototype Materials/Materials/URP/Prototype_512x512_Red.mat
  artifactKey: Guid(a4b62a69d54e80347bd546999c6d4b9e) Importer(815301076,1909f56bfc062723c751e8b465ee728b)
Start importing Assets/Thirdparty/Ciathyza/Gridbox Prototype Materials/Materials/URP/Prototype_512x512_Red.mat using Guid(a4b62a69d54e80347bd546999c6d4b9e) Importer(815301076,1909f56bfc062723c751e8b465ee728b)  -> (artifact id: '92f3e6156eda272540d07896999fdfab') in 0.014757 seconds 
========================================================================
Received Import Request.
  Time since last request: 0.000226 seconds.
  path: Assets/Thirdparty/Ciathyza/Gridbox Prototype Materials/Materials/HDRP/Prototype_512x512_Green3.mat
  artifactKey: Guid(8474bf551220f0e4993899dfdc95aed3) Importer(815301076,1909f56bfc062723c751e8b465ee728b)
Start importing Assets/Thirdparty/Ciathyza/Gridbox Prototype Materials/Materials/HDRP/Prototype_512x512_Green3.mat using Guid(8474bf551220f0e4993899dfdc95aed3) Importer(815301076,1909f56bfc062723c751e8b465ee728b)  -> (artifact id: '758802f40124f982ed701bb279541672') in 0.013736 seconds 
========================================================================
Received Import Request.
  Time since last request: 0.000263 seconds.
  path: Assets/Thirdparty/Ciathyza/Gridbox Prototype Materials/Materials/Standard/Prototype_512x512_Green3.mat
  artifactKey: Guid(f6298605825d7154f8923c76872aa46e) Importer(815301076,1909f56bfc062723c751e8b465ee728b)
Start importing Assets/Thirdparty/Ciathyza/Gridbox Prototype Materials/Materials/Standard/Prototype_512x512_Green3.mat using Guid(f6298605825d7154f8923c76872aa46e) Importer(815301076,1909f56bfc062723c751e8b465ee728b)  -> (artifact id: 'c370a926f8abde0ae6775c5d81f9cd45') in 0.013537 seconds 
========================================================================
Received Import Request.
  Time since last request: 0.000432 seconds.
  path: Assets/Thirdparty/Ciathyza/Gridbox Prototype Materials/Materials/HDRP/Prototype_512x512_Orange.mat
  artifactKey: Guid(7e6b6a154cd59634b8e06a92e338ba2c) Importer(815301076,1909f56bfc062723c751e8b465ee728b)
Start importing Assets/Thirdparty/Ciathyza/Gridbox Prototype Materials/Materials/HDRP/Prototype_512x512_Orange.mat using Guid(7e6b6a154cd59634b8e06a92e338ba2c) Importer(815301076,1909f56bfc062723c751e8b465ee728b)  -> (artifact id: '82e0b08f05136afb127194b2c2c00321') in 0.014204 seconds 
========================================================================
Received Import Request.
  Time since last request: 0.000302 seconds.
  path: Assets/Thirdparty/Ciathyza/Gridbox Prototype Materials/Materials/Standard/Prototype_512x512_Red.mat
  artifactKey: Guid(5a26de236ce89e94b963be8fa2b7ade6) Importer(815301076,1909f56bfc062723c751e8b465ee728b)
Start importing Assets/Thirdparty/Ciathyza/Gridbox Prototype Materials/Materials/Standard/Prototype_512x512_Red.mat using Guid(5a26de236ce89e94b963be8fa2b7ade6) Importer(815301076,1909f56bfc062723c751e8b465ee728b)  -> (artifact id: '7f9284761a4694d9698b153de7630495') in 0.019217 seconds 
========================================================================
Received Import Request.
  Time since last request: 0.000202 seconds.
  path: Assets/Thirdparty/Ciathyza/Gridbox Prototype Materials/Materials/URP/Prototype_512x512_Grey2.mat
  artifactKey: Guid(9fe0a856a63e8634ebc7077bc570ea68) Importer(815301076,1909f56bfc062723c751e8b465ee728b)
Start importing Assets/Thirdparty/Ciathyza/Gridbox Prototype Materials/Materials/URP/Prototype_512x512_Grey2.mat using Guid(9fe0a856a63e8634ebc7077bc570ea68) Importer(815301076,1909f56bfc062723c751e8b465ee728b)  -> (artifact id: 'f14af39a9eb4f8be06df154dc6f1510b') in 0.009123 seconds 
========================================================================
Received Import Request.
  Time since last request: 0.000194 seconds.
  path: Assets/Thirdparty/Ciathyza/Gridbox Prototype Materials/Materials/HDRP/Prototype_512x512_Red.mat
  artifactKey: Guid(c61a55dba6ed64c4f8e865f32677062f) Importer(815301076,1909f56bfc062723c751e8b465ee728b)
Start importing Assets/Thirdparty/Ciathyza/Gridbox Prototype Materials/Materials/HDRP/Prototype_512x512_Red.mat using Guid(c61a55dba6ed64c4f8e865f32677062f) Importer(815301076,1909f56bfc062723c751e8b465ee728b)  -> (artifact id: 'a45ee68efb99073f64cb0785d3fc5c25') in 0.007972 seconds 
========================================================================
Received Import Request.
  Time since last request: 0.000171 seconds.
  path: Assets/Thirdparty/Ciathyza/Gridbox Prototype Materials/Materials/URP/Prototype_512x512_Green2.mat
  artifactKey: Guid(6b38742730e330c488cc8d7964788813) Importer(815301076,1909f56bfc062723c751e8b465ee728b)
Start importing Assets/Thirdparty/Ciathyza/Gridbox Prototype Materials/Materials/URP/Prototype_512x512_Green2.mat using Guid(6b38742730e330c488cc8d7964788813) Importer(815301076,1909f56bfc062723c751e8b465ee728b)  -> (artifact id: '1fb43243ae9d1e3e45dc4b67de02c7af') in 0.007810 seconds 
========================================================================
Received Import Request.
  Time since last request: 0.000208 seconds.
  path: Assets/Thirdparty/Ciathyza/Gridbox Prototype Materials/Materials/Standard/Prototype_512x512_Grey3.mat
  artifactKey: Guid(17c44fb3e5be9644586a0728a5f5a386) Importer(815301076,1909f56bfc062723c751e8b465ee728b)
Start importing Assets/Thirdparty/Ciathyza/Gridbox Prototype Materials/Materials/Standard/Prototype_512x512_Grey3.mat using Guid(17c44fb3e5be9644586a0728a5f5a386) Importer(815301076,1909f56bfc062723c751e8b465ee728b)  -> (artifact id: '545e16a4fc68ce6f19e1615ed7332b25') in 0.015468 seconds 
========================================================================
Received Import Request.
  Time since last request: 0.000284 seconds.
  path: Assets/Thirdparty/Ciathyza/Gridbox Prototype Materials/Materials/Standard/Prototype_512x512_Grey4.mat
  artifactKey: Guid(8d530ffe6c4968843806085897955b9d) Importer(815301076,1909f56bfc062723c751e8b465ee728b)
Start importing Assets/Thirdparty/Ciathyza/Gridbox Prototype Materials/Materials/Standard/Prototype_512x512_Grey4.mat using Guid(8d530ffe6c4968843806085897955b9d) Importer(815301076,1909f56bfc062723c751e8b465ee728b)  -> (artifact id: '05a17c95f9254d7b93701a059a7ee678') in 0.017722 seconds 
========================================================================
Received Import Request.
  Time since last request: 0.000238 seconds.
  path: Assets/Thirdparty/Ciathyza/Gridbox Prototype Materials/Materials/HDRP/Prototype_512x512_White.mat
  artifactKey: Guid(f904fac889ccd8d42b60ac1c11dc5f91) Importer(815301076,1909f56bfc062723c751e8b465ee728b)
Start importing Assets/Thirdparty/Ciathyza/Gridbox Prototype Materials/Materials/HDRP/Prototype_512x512_White.mat using Guid(f904fac889ccd8d42b60ac1c11dc5f91) Importer(815301076,1909f56bfc062723c751e8b465ee728b)  -> (artifact id: '55ecd6459d15ecaea5d0c6cc876032d9') in 0.013360 seconds 
========================================================================
Received Import Request.
  Time since last request: 0.000234 seconds.
  path: Assets/Gps Navigator/Demo Assets/Downtown Game Studio/HYPERCASUAL - Simple Female & Male Characters/Materials/Walls.mat
  artifactKey: Guid(aee9185b0b66f24469b304b3d03fec4a) Importer(815301076,1909f56bfc062723c751e8b465ee728b)
Start importing Assets/Gps Navigator/Demo Assets/Downtown Game Studio/HYPERCASUAL - Simple Female & Male Characters/Materials/Walls.mat using Guid(aee9185b0b66f24469b304b3d03fec4a) Importer(815301076,1909f56bfc062723c751e8b465ee728b)  -> (artifact id: 'd167380e97d401ad8cbf940160f8d3ed') in 0.015960 seconds 
========================================================================
Received Import Request.
  Time since last request: 0.000246 seconds.
  path: Assets/Thirdparty/Ciathyza/Gridbox Prototype Materials/Materials/Standard/Prototype_512x512_White.mat
  artifactKey: Guid(aeee7071bea0a4c478b4fea5933c5f79) Importer(815301076,1909f56bfc062723c751e8b465ee728b)
Start importing Assets/Thirdparty/Ciathyza/Gridbox Prototype Materials/Materials/Standard/Prototype_512x512_White.mat using Guid(aeee7071bea0a4c478b4fea5933c5f79) Importer(815301076,1909f56bfc062723c751e8b465ee728b)  -> (artifact id: '65653f254f2f7378896e87c8e82fccde') in 0.012838 seconds 
========================================================================
Received Import Request.
  Time since last request: 0.000204 seconds.
  path: Assets/Thirdparty/Ciathyza/Gridbox Prototype Materials/Materials/Standard/Prototype_512x512_Magenta.mat
  artifactKey: Guid(4b905f60df09c8245b6e0d5af2e04c7f) Importer(815301076,1909f56bfc062723c751e8b465ee728b)
Start importing Assets/Thirdparty/Ciathyza/Gridbox Prototype Materials/Materials/Standard/Prototype_512x512_Magenta.mat using Guid(4b905f60df09c8245b6e0d5af2e04c7f) Importer(815301076,1909f56bfc062723c751e8b465ee728b)  -> (artifact id: '0c7dee9306e3179c1eddd82ff3ff255f') in 0.014280 seconds 
========================================================================
Received Import Request.
  Time since last request: 0.000264 seconds.
  path: Assets/Thirdparty/Ciathyza/Gridbox Prototype Materials/Materials/URP/Prototype_512x512_Grey3.mat
  artifactKey: Guid(981abf7a53e6a964fba6bc48555ec31a) Importer(815301076,1909f56bfc062723c751e8b465ee728b)
Start importing Assets/Thirdparty/Ciathyza/Gridbox Prototype Materials/Materials/URP/Prototype_512x512_Grey3.mat using Guid(981abf7a53e6a964fba6bc48555ec31a) Importer(815301076,1909f56bfc062723c751e8b465ee728b)  -> (artifact id: '8b99a2b107fccb6a8264c80a6ed6aec8') in 0.008267 seconds 
========================================================================
Received Import Request.
  Time since last request: 0.000223 seconds.
  path: Assets/Thirdparty/Ciathyza/Gridbox Prototype Materials/Materials/Standard/Prototype_512x512_Orange.mat
  artifactKey: Guid(652107f36a28e44479c0b827dee5852a) Importer(815301076,1909f56bfc062723c751e8b465ee728b)
Start importing Assets/Thirdparty/Ciathyza/Gridbox Prototype Materials/Materials/Standard/Prototype_512x512_Orange.mat using Guid(652107f36a28e44479c0b827dee5852a) Importer(815301076,1909f56bfc062723c751e8b465ee728b)  -> (artifact id: '0edb80715eb4ff146fce1e71f06e66ec') in 0.019447 seconds 
========================================================================
Received Import Request.
  Time since last request: 0.000327 seconds.
  path: Assets/Thirdparty/Ciathyza/Gridbox Prototype Materials/Materials/URP/Prototype_512x512_White.mat
  artifactKey: Guid(2ab8149ec4775284bada96c1b85b4a09) Importer(815301076,1909f56bfc062723c751e8b465ee728b)
Start importing Assets/Thirdparty/Ciathyza/Gridbox Prototype Materials/Materials/URP/Prototype_512x512_White.mat using Guid(2ab8149ec4775284bada96c1b85b4a09) Importer(815301076,1909f56bfc062723c751e8b465ee728b)  -> (artifact id: 'c2fbff87da0b4b70f74229e221e54368') in 0.009586 seconds 
========================================================================
Received Import Request.
  Time since last request: 0.000254 seconds.
  path: Assets/Thirdparty/Ciathyza/Gridbox Prototype Materials/Materials/Standard/Prototype_512x512_Pink.mat
  artifactKey: Guid(4944e2c33c99f9f46a4796e2e746213e) Importer(815301076,1909f56bfc062723c751e8b465ee728b)
Start importing Assets/Thirdparty/Ciathyza/Gridbox Prototype Materials/Materials/Standard/Prototype_512x512_Pink.mat using Guid(4944e2c33c99f9f46a4796e2e746213e) Importer(815301076,1909f56bfc062723c751e8b465ee728b)  -> (artifact id: '298648372601bac71988273ad2c8bc92') in 0.016162 seconds 
========================================================================
Received Import Request.
  Time since last request: 0.000224 seconds.
  path: Assets/Thirdparty/Ciathyza/Gridbox Prototype Materials/Materials/Standard/Prototype_512x512_Green2.mat
  artifactKey: Guid(dbe80190c9adea34c8c8845ca4a17934) Importer(815301076,1909f56bfc062723c751e8b465ee728b)
Start importing Assets/Thirdparty/Ciathyza/Gridbox Prototype Materials/Materials/Standard/Prototype_512x512_Green2.mat using Guid(dbe80190c9adea34c8c8845ca4a17934) Importer(815301076,1909f56bfc062723c751e8b465ee728b)  -> (artifact id: '56874c31666292ed5f7e1f0f4a808bb7') in 0.013271 seconds 
========================================================================
Received Import Request.
  Time since last request: 0.000216 seconds.
  path: Assets/Thirdparty/Ciathyza/Gridbox Prototype Materials/Materials/Standard/Prototype_512x512_Grey1.mat
  artifactKey: Guid(c181c23a6120fbe4aadd5bb53a58dd78) Importer(815301076,1909f56bfc062723c751e8b465ee728b)
Start importing Assets/Thirdparty/Ciathyza/Gridbox Prototype Materials/Materials/Standard/Prototype_512x512_Grey1.mat using Guid(c181c23a6120fbe4aadd5bb53a58dd78) Importer(815301076,1909f56bfc062723c751e8b465ee728b)  -> (artifact id: '21114296b1ee7a013e82f6332ff76ca4') in 0.016886 seconds 
========================================================================
Received Import Request.
  Time since last request: 0.000223 seconds.
  path: Assets/Thirdparty/Ciathyza/Gridbox Prototype Materials/Materials/URP/Prototype_512x512_Green3.mat
  artifactKey: Guid(bce32739db90b6843ac7f0179bcaa6b7) Importer(815301076,1909f56bfc062723c751e8b465ee728b)
Start importing Assets/Thirdparty/Ciathyza/Gridbox Prototype Materials/Materials/URP/Prototype_512x512_Green3.mat using Guid(bce32739db90b6843ac7f0179bcaa6b7) Importer(815301076,1909f56bfc062723c751e8b465ee728b)  -> (artifact id: 'e2d597a7863e450f247f47475b777d3c') in 0.007546 seconds 
========================================================================
Received Import Request.
  Time since last request: 0.000319 seconds.
  path: Assets/Thirdparty/Ciathyza/Gridbox Prototype Materials/Materials/Standard/Prototype_512x512_Purple.mat
  artifactKey: Guid(36bce9ab6cae8ce43962938466458044) Importer(815301076,1909f56bfc062723c751e8b465ee728b)
Start importing Assets/Thirdparty/Ciathyza/Gridbox Prototype Materials/Materials/Standard/Prototype_512x512_Purple.mat using Guid(36bce9ab6cae8ce43962938466458044) Importer(815301076,1909f56bfc062723c751e8b465ee728b)  -> (artifact id: 'ed53188503e33eb5125e7ee747de9388') in 0.015496 seconds 
========================================================================
Received Import Request.
  Time since last request: 0.000216 seconds.
  path: Assets/Thirdparty/Ciathyza/Gridbox Prototype Materials/Materials/HDRP/Prototype_512x512_Grey4.mat
  artifactKey: Guid(cd022c63e7c1c7f4e98c0083ed2bcf70) Importer(815301076,1909f56bfc062723c751e8b465ee728b)
Start importing Assets/Thirdparty/Ciathyza/Gridbox Prototype Materials/Materials/HDRP/Prototype_512x512_Grey4.mat using Guid(cd022c63e7c1c7f4e98c0083ed2bcf70) Importer(815301076,1909f56bfc062723c751e8b465ee728b)  -> (artifact id: '9f4959fafe51dfc99d231edb2e57355e') in 0.008024 seconds 
========================================================================
Received Import Request.
  Time since last request: 0.000258 seconds.
  path: Assets/Thirdparty/Ciathyza/Gridbox Prototype Materials/Materials/URP/Prototype_512x512_Purple.mat
  artifactKey: Guid(68d9464d0cd4fbf48a81abf378167c7f) Importer(815301076,1909f56bfc062723c751e8b465ee728b)
Start importing Assets/Thirdparty/Ciathyza/Gridbox Prototype Materials/Materials/URP/Prototype_512x512_Purple.mat using Guid(68d9464d0cd4fbf48a81abf378167c7f) Importer(815301076,1909f56bfc062723c751e8b465ee728b)  -> (artifact id: '065d82e717e277ae01582afd5b019b9a') in 0.008841 seconds 
========================================================================
Received Import Request.
  Time since last request: 0.000237 seconds.
  path: Assets/Thirdparty/Ciathyza/Gridbox Prototype Materials/Materials/Standard/Prototype_512x512_Yellow.mat
  artifactKey: Guid(c852af001dae0064e9acaa832f1dadb7) Importer(815301076,1909f56bfc062723c751e8b465ee728b)
Start importing Assets/Thirdparty/Ciathyza/Gridbox Prototype Materials/Materials/Standard/Prototype_512x512_Yellow.mat using Guid(c852af001dae0064e9acaa832f1dadb7) Importer(815301076,1909f56bfc062723c751e8b465ee728b)  -> (artifact id: '5ccf4fa20fe705a635cc333df9aa9d6a') in 0.016051 seconds 
========================================================================
Received Import Request.
  Time since last request: 0.000274 seconds.
  path: Assets/Thirdparty/Ciathyza/Gridbox Prototype Materials/Materials/Standard/Prototype_512x512_Grey2.mat
  artifactKey: Guid(07dc66ae04b7f6a43b9674bf0fefb33a) Importer(815301076,1909f56bfc062723c751e8b465ee728b)
Start importing Assets/Thirdparty/Ciathyza/Gridbox Prototype Materials/Materials/Standard/Prototype_512x512_Grey2.mat using Guid(07dc66ae04b7f6a43b9674bf0fefb33a) Importer(815301076,1909f56bfc062723c751e8b465ee728b)  -> (artifact id: '877520374cc527c90c176fad97179847') in 0.016487 seconds 
========================================================================
Received Import Request.
  Time since last request: 0.000185 seconds.
  path: Assets/Thirdparty/Ciathyza/Gridbox Prototype Materials/Materials/HDRP/Prototype_512x512_Yellow.mat
  artifactKey: Guid(dd66d467961812f4383351e477499b93) Importer(815301076,1909f56bfc062723c751e8b465ee728b)
Start importing Assets/Thirdparty/Ciathyza/Gridbox Prototype Materials/Materials/HDRP/Prototype_512x512_Yellow.mat using Guid(dd66d467961812f4383351e477499b93) Importer(815301076,1909f56bfc062723c751e8b465ee728b)  -> (artifact id: 'bff83c03d6c92451842759c2b795d8ed') in 0.008300 seconds 
========================================================================
Received Import Request.
  Time since last request: 0.000235 seconds.
  path: Assets/Thirdparty/Ciathyza/Gridbox Prototype Materials/Materials/URP/Prototype_512x512_Yellow.mat
  artifactKey: Guid(d76d5dba59c8a824a8170635648a356c) Importer(815301076,1909f56bfc062723c751e8b465ee728b)
Start importing Assets/Thirdparty/Ciathyza/Gridbox Prototype Materials/Materials/URP/Prototype_512x512_Yellow.mat using Guid(d76d5dba59c8a824a8170635648a356c) Importer(815301076,1909f56bfc062723c751e8b465ee728b)  -> (artifact id: '7377c6b515fc95d6eed7fe9ec35a2879') in 0.007807 seconds 
========================================================================
Received Import Request.
  Time since last request: 0.000223 seconds.
  path: Assets/Thirdparty/Ciathyza/Gridbox Prototype Materials/Materials/URP/Prototype_512x512_Orange.mat
  artifactKey: Guid(d1a5903867c8f0a4a8a94c3fe36dad11) Importer(815301076,1909f56bfc062723c751e8b465ee728b)
Start importing Assets/Thirdparty/Ciathyza/Gridbox Prototype Materials/Materials/URP/Prototype_512x512_Orange.mat using Guid(d1a5903867c8f0a4a8a94c3fe36dad11) Importer(815301076,1909f56bfc062723c751e8b465ee728b)  -> (artifact id: '5549531ee5ff4fc802c6485d8dd18f0c') in 0.009174 seconds 
========================================================================
Received Import Request.
  Time since last request: 6.679604 seconds.
  path: Assets/Thirdparty/Ciathyza/Gridbox Prototype Materials/Materials/URP
  artifactKey: Guid(b91c06905b658c2469418c86f7fbe9f3) Importer(815301076,1909f56bfc062723c751e8b465ee728b)
Start importing Assets/Thirdparty/Ciathyza/Gridbox Prototype Materials/Materials/URP using Guid(b91c06905b658c2469418c86f7fbe9f3) Importer(815301076,1909f56bfc062723c751e8b465ee728b)  -> (artifact id: '4b71b9f15b4a3c5ca121a54f33618077') in 0.007808 seconds 
========================================================================
Received Import Request.
  Time since last request: 8.863094 seconds.
  path: Assets/Gps Navigator/Demo Assets/Downtown Game Studio/HYPERCASUAL - Simple Female & Male Characters/Materials/Female/Female.mat
  artifactKey: Guid(c49ab80d0a0900a4381feb11724b34cf) Importer(815301076,1909f56bfc062723c751e8b465ee728b)
Start importing Assets/Gps Navigator/Demo Assets/Downtown Game Studio/HYPERCASUAL - Simple Female & Male Characters/Materials/Female/Female.mat using Guid(c49ab80d0a0900a4381feb11724b34cf) Importer(815301076,1909f56bfc062723c751e8b465ee728b)  -> (artifact id: '9d079b308e8cfef76fd02d91635b5d7b') in 0.022800 seconds 
========================================================================
Received Import Request.
  Time since last request: 0.000228 seconds.
  path: Assets/Thirdparty/Ciathyza/Gridbox Prototype Materials/Materials/Standard/Prototype_512x512_Blue1.mat
  artifactKey: Guid(663834164c6a04740aaa1b778249ce7e) Importer(815301076,1909f56bfc062723c751e8b465ee728b)
Start importing Assets/Thirdparty/Ciathyza/Gridbox Prototype Materials/Materials/Standard/Prototype_512x512_Blue1.mat using Guid(663834164c6a04740aaa1b778249ce7e) Importer(815301076,1909f56bfc062723c751e8b465ee728b)  -> (artifact id: '5b41302ce6bf2b8954425e4f84a265e9') in 0.021286 seconds 
========================================================================
Received Import Request.
  Time since last request: 0.000252 seconds.
  path: Assets/Thirdparty/Ciathyza/Gridbox Prototype Materials/Demo/Prototype Materials Demo/GI Blocker.mat
  artifactKey: Guid(f9a5ce4748e5abd4288cab387226ef27) Importer(815301076,1909f56bfc062723c751e8b465ee728b)
Start importing Assets/Thirdparty/Ciathyza/Gridbox Prototype Materials/Demo/Prototype Materials Demo/GI Blocker.mat using Guid(f9a5ce4748e5abd4288cab387226ef27) Importer(815301076,1909f56bfc062723c751e8b465ee728b)  -> (artifact id: '6bde72ff57e510447fa37735b2c76f28') in 0.014506 seconds 
========================================================================
Received Import Request.
  Time since last request: 0.000219 seconds.
  path: Assets/Gps Navigator/Linerenderer.mat
  artifactKey: Guid(e561d18fcd0af0a449e0a5d784ad4545) Importer(815301076,1909f56bfc062723c751e8b465ee728b)
Start importing Assets/Gps Navigator/Linerenderer.mat using Guid(e561d18fcd0af0a449e0a5d784ad4545) Importer(815301076,1909f56bfc062723c751e8b465ee728b)  -> (artifact id: '29152bcb846efb1c31c8af2effa5d658') in 0.041375 seconds 
========================================================================
Received Import Request.
  Time since last request: 0.000179 seconds.
  path: Assets/Gps Navigator/Demo Assets/Downtown Game Studio/HYPERCASUAL - Simple Female & Male Characters/Materials/Pedestal Male.mat
  artifactKey: Guid(91a62db38e6c02f4188873d98bfc36ce) Importer(815301076,1909f56bfc062723c751e8b465ee728b)
Start importing Assets/Gps Navigator/Demo Assets/Downtown Game Studio/HYPERCASUAL - Simple Female & Male Characters/Materials/Pedestal Male.mat using Guid(91a62db38e6c02f4188873d98bfc36ce) Importer(815301076,1909f56bfc062723c751e8b465ee728b)  -> (artifact id: 'bcba01a9f3db0be424b7702101033d71') in 0.014397 seconds 
========================================================================
Received Import Request.
  Time since last request: 0.000263 seconds.
  path: Assets/Gps Navigator/Demo Assets/Downtown Game Studio/HYPERCASUAL - Simple Female & Male Characters/Models/Female.fbx
  artifactKey: Guid(64c3ff928e8db8044bdb21ae9b54a4eb) Importer(815301076,1909f56bfc062723c751e8b465ee728b)
Start importing Assets/Gps Navigator/Demo Assets/Downtown Game Studio/HYPERCASUAL - Simple Female & Male Characters/Models/Female.fbx using Guid(64c3ff928e8db8044bdb21ae9b54a4eb) Importer(815301076,1909f56bfc062723c751e8b465ee728b)  -> (artifact id: 'e8bc42ca416b300daf9036352923031d') in 0.176940 seconds 
========================================================================
Received Import Request.
  Time since last request: 0.000249 seconds.
  path: Assets/Gps Navigator/Demo Assets/Downtown Game Studio/HYPERCASUAL - Simple Female & Male Characters/Materials/Pedestal Female 1.mat
  artifactKey: Guid(d9fdabab02a47a448b035b9ef1405f22) Importer(815301076,1909f56bfc062723c751e8b465ee728b)
Start importing Assets/Gps Navigator/Demo Assets/Downtown Game Studio/HYPERCASUAL - Simple Female & Male Characters/Materials/Pedestal Female 1.mat using Guid(d9fdabab02a47a448b035b9ef1405f22) Importer(815301076,1909f56bfc062723c751e8b465ee728b)  -> (artifact id: '7b3b8a185bff09ea7425ce3966a5c2dd') in 0.014866 seconds 
========================================================================
Received Import Request.
  Time since last request: 0.000268 seconds.
  path: Assets/Thirdparty/Ciathyza/Gridbox Prototype Materials/Materials/Standard/Prototype_512x512_Green1.mat
  artifactKey: Guid(79f64ed6f5d6d374d91c3a0af4070258) Importer(815301076,1909f56bfc062723c751e8b465ee728b)
Start importing Assets/Thirdparty/Ciathyza/Gridbox Prototype Materials/Materials/Standard/Prototype_512x512_Green1.mat using Guid(79f64ed6f5d6d374d91c3a0af4070258) Importer(815301076,1909f56bfc062723c751e8b465ee728b)  -> (artifact id: '2ab41c2bf4a081510a5e3e987a98a335') in 0.016003 seconds 
========================================================================
Received Import Request.
  Time since last request: 0.000253 seconds.
  path: Assets/Thirdparty/Ciathyza/Gridbox Prototype Materials/Materials/Standard/Prototype_512x512_Blue3.mat
  artifactKey: Guid(b0b4de3bd6e976e4f8b3adc6e72377ed) Importer(815301076,1909f56bfc062723c751e8b465ee728b)
Start importing Assets/Thirdparty/Ciathyza/Gridbox Prototype Materials/Materials/Standard/Prototype_512x512_Blue3.mat using Guid(b0b4de3bd6e976e4f8b3adc6e72377ed) Importer(815301076,1909f56bfc062723c751e8b465ee728b)  -> (artifact id: '81e9e3b768774d416ed77d5044b384ed') in 0.016899 seconds 
========================================================================
Received Import Request.
  Time since last request: 0.000212 seconds.
  path: Assets/Thirdparty/Ciathyza/Gridbox Prototype Materials/Demo/Prototype Materials Demo/Neon Light.mat
  artifactKey: Guid(b234e1586ac9f524f8162eb03da23c35) Importer(815301076,1909f56bfc062723c751e8b465ee728b)
Start importing Assets/Thirdparty/Ciathyza/Gridbox Prototype Materials/Demo/Prototype Materials Demo/Neon Light.mat using Guid(b234e1586ac9f524f8162eb03da23c35) Importer(815301076,1909f56bfc062723c751e8b465ee728b)  -> (artifact id: 'f1ba9d12c2c43e733f568aaf9a1d522c') in 0.159655 seconds 
========================================================================
Received Import Request.
  Time since last request: 0.000208 seconds.
  path: Assets/Gps Navigator/Demo Assets/Downtown Game Studio/HYPERCASUAL - Simple Female & Male Characters/Materials/Male/Male.mat
  artifactKey: Guid(2d1180fded9d52b4cbcb3066ce5c0cf8) Importer(815301076,1909f56bfc062723c751e8b465ee728b)
Start importing Assets/Gps Navigator/Demo Assets/Downtown Game Studio/HYPERCASUAL - Simple Female & Male Characters/Materials/Male/Male.mat using Guid(2d1180fded9d52b4cbcb3066ce5c0cf8) Importer(815301076,1909f56bfc062723c751e8b465ee728b)  -> (artifact id: '55dbdc49a0de04465715bec1e37fc1ad') in 0.019965 seconds 
========================================================================
Received Import Request.
  Time since last request: 0.000200 seconds.
  path: Assets/Thirdparty/Ciathyza/Gridbox Prototype Materials/Materials/Standard/Prototype_512x512_Cyan.mat
  artifactKey: Guid(cba66c276aed0874091de1c33eb3950d) Importer(815301076,1909f56bfc062723c751e8b465ee728b)
Start importing Assets/Thirdparty/Ciathyza/Gridbox Prototype Materials/Materials/Standard/Prototype_512x512_Cyan.mat using Guid(cba66c276aed0874091de1c33eb3950d) Importer(815301076,1909f56bfc062723c751e8b465ee728b)  -> (artifact id: '080a2a9dbb4bb8e36bd564427b4ef99d') in 0.014894 seconds 
========================================================================
Received Import Request.
  Time since last request: 0.000264 seconds.
  path: Assets/Gps Navigator/Demo Assets/Downtown Game Studio/HYPERCASUAL - Simple Female & Male Characters/Models/Male.fbx
  artifactKey: Guid(1d78607769d52804ebcf22480781bd15) Importer(815301076,1909f56bfc062723c751e8b465ee728b)
Start importing Assets/Gps Navigator/Demo Assets/Downtown Game Studio/HYPERCASUAL - Simple Female & Male Characters/Models/Male.fbx using Guid(1d78607769d52804ebcf22480781bd15) Importer(815301076,1909f56bfc062723c751e8b465ee728b)  -> (artifact id: '8a652e5970daeedd71c580f49e91a2be') in 0.066531 seconds 
========================================================================
Received Import Request.
  Time since last request: 0.000206 seconds.
  path: Assets/Thirdparty/Ciathyza/Gridbox Prototype Materials/Materials/Standard/Prototype_512x512_Brown.mat
  artifactKey: Guid(a54b7ad866d3a9b47bbf3b53baa0acc4) Importer(815301076,1909f56bfc062723c751e8b465ee728b)
Start importing Assets/Thirdparty/Ciathyza/Gridbox Prototype Materials/Materials/Standard/Prototype_512x512_Brown.mat using Guid(a54b7ad866d3a9b47bbf3b53baa0acc4) Importer(815301076,1909f56bfc062723c751e8b465ee728b)  -> (artifact id: '3b2eb5a6a4818dd3fefd5ae09f0b5512') in 0.018489 seconds 
========================================================================
Received Import Request.
  Time since last request: 0.000228 seconds.
  path: Assets/Thirdparty/Ciathyza/Gridbox Prototype Materials/Materials/Standard/Prototype_512x512_Blue2.mat
  artifactKey: Guid(5e148de6cdf2d164aa3e3f90ce8c852c) Importer(815301076,1909f56bfc062723c751e8b465ee728b)
Start importing Assets/Thirdparty/Ciathyza/Gridbox Prototype Materials/Materials/Standard/Prototype_512x512_Blue2.mat using Guid(5e148de6cdf2d164aa3e3f90ce8c852c) Importer(815301076,1909f56bfc062723c751e8b465ee728b)  -> (artifact id: '341e889d6cf479094b811c3feeb294c1') in 0.017927 seconds 
========================================================================
Received Import Request.
  Time since last request: 72.685839 seconds.
  path: Assets/Thirdparty/Ciathyza/Gridbox Prototype Materials/Textures/prototype_512x512_magenta.png
  artifactKey: Guid(81c078e07a3828a42885510e3d5369a9) Importer(815301076,1909f56bfc062723c751e8b465ee728b)
Start importing Assets/Thirdparty/Ciathyza/Gridbox Prototype Materials/Textures/prototype_512x512_magenta.png using Guid(81c078e07a3828a42885510e3d5369a9) Importer(815301076,1909f56bfc062723c751e8b465ee728b)  -> (artifact id: '405dcb20031fcb4115931fc0bdbe3533') in 0.013658 seconds 
AssetImportWorkerClient::OnTransportError - code=2 error=End of file
